<?xml version="1.0" encoding="UTF-8"?>
<!-- Generated by org.testng.reporters.JUnitReportReporter -->
<testsuite hostname="DESKTOP-EO7H6Q7" failures="0" tests="3" name="TestCases.Search" time="134.220" errors="0" timestamp="2023-05-26T21:25:28 BDT" skipped="0">
  <testcase classname="TestCases.Search" name="verifySearchingWithValidProductName" time="52.104"/>
  <system-out/>
  <testcase classname="TestCases.Search" name="verifySearchingWithInValidProductName" time="29.238"/>
  <system-out/>
  <testcase classname="TestCases.Search" name="verifySearchingWithoutProductName" time="52.878"/>
  <system-out/>
</testsuite> <!-- TestCases.Search -->
