<?xml version="1.0" encoding="UTF-8"?>
<!-- Generated by org.testng.reporters.JUnitReportReporter -->
<testsuite hostname="DESKTOP-EO7H6Q7" failures="0" tests="1" name="TestCases.Register" time="7.114" errors="0" timestamp="2023-05-25T08:12:07 BDT" skipped="0">
  <testcase classname="TestCases.Register" name="RegisterAccountWithMandatoryFields" time="7.114"/>
  <system-out/>
</testsuite> <!-- TestCases.Register -->
