<?xml version="1.0" encoding="UTF-8"?>
<!-- Generated by org.testng.reporters.JUnitReportReporter -->
<testsuite hostname="DESKTOP-EO7H6Q7" failures="0" tests="1" name="TestCases.Register" time="15.582" errors="0" timestamp="2023-05-26T11:19:00 BDT" skipped="0">
  <testcase classname="TestCases.Register" name="registeringAccountWithoutFillingAnyDetials" time="15.582"/>
  <system-out/>
</testsuite> <!-- TestCases.Register -->
