<?xml version="1.0" encoding="UTF-8"?>
<!-- Generated by org.testng.reporters.JUnitReportReporter -->
<testsuite hostname="DESKTOP-EO7H6Q7" failures="0" tests="4" name="TestCases.Register" time="72.071" errors="0" timestamp="2023-05-26T19:52:40 BDT" skipped="0">
  <testcase classname="TestCases.Register" name="verifyRegisterAccountWithMandatoryFields" time="19.492"/>
  <system-out/>
  <testcase classname="TestCases.Register" name="verifyRegisterAccountWithAllFields" time="26.170"/>
  <system-out/>
  <testcase classname="TestCases.Register" name="verifyingAccountWithExistingEmail" time="17.010"/>
  <system-out/>
  <testcase classname="TestCases.Register" name="registeringAccountWithoutFillingAnyDetials" time="9.399"/>
  <system-out/>
</testsuite> <!-- TestCases.Register -->
