<?xml version="1.0" encoding="UTF-8"?>
<!-- Generated by org.testng.reporters.JUnitReportReporter -->
<testsuite hostname="DESKTOP-EO7H6Q7" failures="0" tests="3" name="TestCases.Search" time="27.651" errors="0" timestamp="2023-05-27T07:08:39 BDT" skipped="0">
  <testcase classname="TestCases.Search" name="verifySearchingWithValidProductName" time="9.014"/>
  <system-out/>
  <testcase classname="TestCases.Search" name="verifySearchingWithInValidProductName" time="9.677"/>
  <system-out/>
  <testcase classname="TestCases.Search" name="verifySearchingWithoutProductName" time="8.960"/>
  <system-out/>
</testsuite> <!-- TestCases.Search -->
