<?xml version="1.0" encoding="UTF-8"?>
<!-- Generated by org.testng.reporters.JUnitReportReporter -->
<testsuite hostname="DESKTOP-EO7H6Q7" failures="0" tests="5" name="TestCases.Login" time="28.580" errors="0" timestamp="2023-05-27T07:08:39 BDT" skipped="0">
  <testcase classname="TestCases.Login" name="verifyLoginWithValidCredentials" time="5.455"/>
  <system-out/>
  <testcase classname="TestCases.Login" name="verifyLoginWithInValidCredentials" time="5.531"/>
  <system-out/>
  <testcase classname="TestCases.Login" name="verifyLoginWithValidEmailAndInvalidPassword" time="6.355"/>
  <system-out/>
  <testcase classname="TestCases.Login" name="InvalidEmailAndValidPassword" time="5.961"/>
  <system-out/>
  <testcase classname="TestCases.Login" name="verifyLoginWithoutCredentials" time="5.278"/>
  <system-out/>
</testsuite> <!-- TestCases.Login -->
