<?xml version="1.0" encoding="UTF-8"?>
<!-- Generated by org.testng.reporters.JUnitReportReporter -->
<testsuite hostname="DESKTOP-EO7H6Q7" failures="0" tests="1" name="TestCases.Login" time="10.502" errors="0" timestamp="2023-05-25T08:01:31 BDT" skipped="0">
  <testcase classname="TestCases.Login" name="verifyLoginWithInValidCredentials" time="10.502"/>
  <system-out/>
</testsuite> <!-- TestCases.Login -->
