<?xml version="1.0" encoding="UTF-8"?>
<!-- Generated by org.testng.reporters.JUnitReportReporter -->
<testsuite hostname="DESKTOP-EO7H6Q7" failures="0" tests="5" name="TestCases.Login" time="56.777" errors="0" timestamp="2023-05-26T19:51:15 BDT" skipped="0">
  <testcase classname="TestCases.Login" name="verifyLoginWithValidCredentials" time="12.742"/>
  <system-out/>
  <testcase classname="TestCases.Login" name="verifyLoginWithInValidCredentials" time="14.650"/>
  <system-out/>
  <testcase classname="TestCases.Login" name="verifyLoginWithValidEmailAndInvalidPassword" time="11.546"/>
  <system-out/>
  <testcase classname="TestCases.Login" name="InvalidEmailAndValidPassword" time="7.951"/>
  <system-out/>
  <testcase classname="TestCases.Login" name="verifyLoginWithoutCredentials" time="9.888"/>
  <system-out/>
</testsuite> <!-- TestCases.Login -->
