<?xml version="1.0" encoding="UTF-8"?>
<!-- Generated by org.testng.reporters.JUnitReportReporter -->
<testsuite hostname="DESKTOP-EO7H6Q7" failures="0" tests="4" name="TestCases.Register" time="43.333" errors="0" timestamp="2023-05-27T07:08:39 BDT" skipped="0">
  <testcase classname="TestCases.Register" name="verifyRegisterAccountWithMandatoryFields" time="11.163"/>
  <system-out/>
  <testcase classname="TestCases.Register" name="verifyRegisterAccountWithAllFields" time="8.674"/>
  <system-out/>
  <testcase classname="TestCases.Register" name="verifyingAccountWithExistingEmail" time="9.244"/>
  <system-out/>
  <testcase classname="TestCases.Register" name="registeringAccountWithoutFillingAnyDetials" time="14.252"/>
  <system-out/>
</testsuite> <!-- TestCases.Register -->
